[0.212s] Invoking command in '/home/danilo/Documents/Engenharia de Computação/Robótica/Robotica-2020.2/ros_ws/src/controller': PYTHONPATH=/home/danilo/Documents/Engenharia de Computação/Robótica/Robotica-2020.2/ros_ws/install/controller/lib/python3.6/site-packages:${PYTHONPATH} /usr/bin/python3 setup.py egg_info --egg-base ../../build/controller build --build-base /home/danilo/Documents/Engenharia de Computação/Robótica/Robotica-2020.2/ros_ws/build/controller/build install --prefix /home/danilo/Documents/Engenharia de Computação/Robótica/Robotica-2020.2/ros_ws/install/controller --record /home/danilo/Documents/Engenharia de Computação/Robótica/Robotica-2020.2/ros_ws/build/controller/install.log --single-version-externally-managed
[0.400s] running egg_info
[0.401s] writing ../../build/controller/controller.egg-info/PKG-INFO
[0.401s] writing dependency_links to ../../build/controller/controller.egg-info/dependency_links.txt
[0.402s] writing entry points to ../../build/controller/controller.egg-info/entry_points.txt
[0.402s] writing requirements to ../../build/controller/controller.egg-info/requires.txt
[0.402s] writing top-level names to ../../build/controller/controller.egg-info/top_level.txt
[0.425s] reading manifest file '../../build/controller/controller.egg-info/SOURCES.txt'
[0.426s] writing manifest file '../../build/controller/controller.egg-info/SOURCES.txt'
[0.426s] running build
[0.426s] running build_py
[0.426s] running install
[0.427s] running install_lib
[0.428s] running install_data
[0.429s] copying package.xml -> /home/danilo/Documents/Engenharia de Computação/Robótica/Robotica-2020.2/ros_ws/install/controller/share/controller
[0.429s] running install_egg_info
[0.430s] removing '/home/danilo/Documents/Engenharia de Computação/Robótica/Robotica-2020.2/ros_ws/install/controller/lib/python3.6/site-packages/controller-0.0.0-py3.6.egg-info' (and everything under it)
[0.431s] Copying ../../build/controller/controller.egg-info to /home/danilo/Documents/Engenharia de Computação/Robótica/Robotica-2020.2/ros_ws/install/controller/lib/python3.6/site-packages/controller-0.0.0-py3.6.egg-info
[0.432s] running install_scripts
[0.445s] Installing listener script to /home/danilo/Documents/Engenharia de Computação/Robótica/Robotica-2020.2/ros_ws/install/controller/lib/controller
[0.446s] Installing talker script to /home/danilo/Documents/Engenharia de Computação/Robótica/Robotica-2020.2/ros_ws/install/controller/lib/controller
[0.446s] writing list of installed files to '/home/danilo/Documents/Engenharia de Computação/Robótica/Robotica-2020.2/ros_ws/build/controller/install.log'
[0.462s] Invoked command in '/home/danilo/Documents/Engenharia de Computação/Robótica/Robotica-2020.2/ros_ws/src/controller' returned '0': PYTHONPATH=/home/danilo/Documents/Engenharia de Computação/Robótica/Robotica-2020.2/ros_ws/install/controller/lib/python3.6/site-packages:${PYTHONPATH} /usr/bin/python3 setup.py egg_info --egg-base ../../build/controller build --build-base /home/danilo/Documents/Engenharia de Computação/Robótica/Robotica-2020.2/ros_ws/build/controller/build install --prefix /home/danilo/Documents/Engenharia de Computação/Robótica/Robotica-2020.2/ros_ws/install/controller --record /home/danilo/Documents/Engenharia de Computação/Robótica/Robotica-2020.2/ros_ws/build/controller/install.log --single-version-externally-managed
