[0.214s] Invoking command in '/home/danilo/Documents/Engenharia de Computação/Robótica/Robotica-2020.2/ros_ws/src/controller': PYTHONPATH=/home/danilo/Documents/Engenharia de Computação/Robótica/Robotica-2020.2/ros_ws/install/controller/lib/python3.6/site-packages:${PYTHONPATH} /usr/bin/python3 setup.py egg_info --egg-base ../../build/controller build --build-base /home/danilo/Documents/Engenharia de Computação/Robótica/Robotica-2020.2/ros_ws/build/controller/build install --prefix /home/danilo/Documents/Engenharia de Computação/Robótica/Robotica-2020.2/ros_ws/install/controller --record /home/danilo/Documents/Engenharia de Computação/Robótica/Robotica-2020.2/ros_ws/build/controller/install.log --single-version-externally-managed
[0.403s] running egg_info
[0.403s] writing ../../build/controller/controller.egg-info/PKG-INFO
[0.404s] writing dependency_links to ../../build/controller/controller.egg-info/dependency_links.txt
[0.404s] writing entry points to ../../build/controller/controller.egg-info/entry_points.txt
[0.404s] writing requirements to ../../build/controller/controller.egg-info/requires.txt
[0.404s] writing top-level names to ../../build/controller/controller.egg-info/top_level.txt
[0.429s] reading manifest file '../../build/controller/controller.egg-info/SOURCES.txt'
[0.430s] writing manifest file '../../build/controller/controller.egg-info/SOURCES.txt'
[0.430s] running build
[0.430s] running build_py
[0.430s] running install
[0.431s] running install_lib
[0.432s] running install_data
[0.432s] running install_egg_info
[0.434s] removing '/home/danilo/Documents/Engenharia de Computação/Robótica/Robotica-2020.2/ros_ws/install/controller/lib/python3.6/site-packages/controller-0.0.0-py3.6.egg-info' (and everything under it)
[0.434s] Copying ../../build/controller/controller.egg-info to /home/danilo/Documents/Engenharia de Computação/Robótica/Robotica-2020.2/ros_ws/install/controller/lib/python3.6/site-packages/controller-0.0.0-py3.6.egg-info
[0.435s] running install_scripts
[0.449s] Installing listener script to /home/danilo/Documents/Engenharia de Computação/Robótica/Robotica-2020.2/ros_ws/install/controller/lib/controller
[0.449s] Installing talker script to /home/danilo/Documents/Engenharia de Computação/Robótica/Robotica-2020.2/ros_ws/install/controller/lib/controller
[0.449s] writing list of installed files to '/home/danilo/Documents/Engenharia de Computação/Robótica/Robotica-2020.2/ros_ws/build/controller/install.log'
[0.466s] Invoked command in '/home/danilo/Documents/Engenharia de Computação/Robótica/Robotica-2020.2/ros_ws/src/controller' returned '0': PYTHONPATH=/home/danilo/Documents/Engenharia de Computação/Robótica/Robotica-2020.2/ros_ws/install/controller/lib/python3.6/site-packages:${PYTHONPATH} /usr/bin/python3 setup.py egg_info --egg-base ../../build/controller build --build-base /home/danilo/Documents/Engenharia de Computação/Robótica/Robotica-2020.2/ros_ws/build/controller/build install --prefix /home/danilo/Documents/Engenharia de Computação/Robótica/Robotica-2020.2/ros_ws/install/controller --record /home/danilo/Documents/Engenharia de Computação/Robótica/Robotica-2020.2/ros_ws/build/controller/install.log --single-version-externally-managed
