[0.135s] DEBUG:colcon:Command line arguments: ['/usr/bin/colcon', 'build']
[0.135s] DEBUG:colcon:Parsed command line arguments: Namespace(ament_cmake_args=None, base_paths=['.'], build_base='build', catkin_cmake_args=None, catkin_skip_building_tests=False, cmake_args=None, cmake_clean_cache=False, cmake_clean_first=False, cmake_force_configure=False, cmake_target=None, cmake_target_skip_unavailable=False, continue_on_error=False, event_handlers=None, executor='parallel', ignore_user_meta=False, install_base='install', log_base=None, log_level=None, main=<bound method BuildVerb.main of <colcon_core.verb.build.BuildVerb object at 0x7fe0b90e6630>>, merge_install=False, metas=['./colcon.meta'], packages_above=None, packages_above_and_dependencies=None, packages_above_depth=None, packages_end=None, packages_ignore=None, packages_ignore_regex=None, packages_select=None, packages_select_build_failed=False, packages_select_by_dep=None, packages_select_regex=None, packages_select_test_failures=False, packages_skip=None, packages_skip_build_finished=False, packages_skip_by_dep=None, packages_skip_regex=None, packages_skip_test_passed=False, packages_skip_up_to=None, packages_start=None, packages_up_to=None, packages_up_to_regex=None, parallel_workers=8, paths=None, symlink_install=False, test_result_base=None, verb_extension=<colcon_core.verb.build.BuildVerb object at 0x7fe0b90e6630>, verb_name='build', verb_parser=<colcon_defaults.argument_parser.defaults.DefaultArgumentsDecorator object at 0x7fe0b90e6978>)
[0.139s] Level 1:colcon.colcon_core.package_discovery:discover_packages(colcon_meta) check parameters
[0.139s] Level 1:colcon.colcon_core.package_discovery:discover_packages(recursive) check parameters
[0.139s] Level 1:colcon.colcon_core.package_discovery:discover_packages(ignore) check parameters
[0.139s] Level 1:colcon.colcon_core.package_discovery:discover_packages(path) check parameters
[0.139s] Level 1:colcon.colcon_core.package_discovery:discover_packages(colcon_meta) discover
[0.140s] Level 1:colcon.colcon_core.package_discovery:discover_packages(recursive) discover
[0.140s] INFO:colcon.colcon_core.package_discovery:Crawling recursively for packages in '/home/danilo/Documents/Engenharia de Computação/Robótica/Robotica-2020.2/ros_ws'
[0.140s] Level 1:colcon.colcon_core.package_identification:_identify(.) by extensions ['ignore', 'ignore_ament_install']
[0.140s] Level 1:colcon.colcon_core.package_identification:_identify(.) by extension 'ignore'
[0.140s] Level 1:colcon.colcon_core.package_identification:_identify(.) by extension 'ignore_ament_install'
[0.140s] Level 1:colcon.colcon_core.package_identification:_identify(.) by extensions ['colcon_pkg']
[0.140s] Level 1:colcon.colcon_core.package_identification:_identify(.) by extension 'colcon_pkg'
[0.140s] Level 1:colcon.colcon_core.package_identification:_identify(.) by extensions ['colcon_meta']
[0.140s] Level 1:colcon.colcon_core.package_identification:_identify(.) by extension 'colcon_meta'
[0.140s] Level 1:colcon.colcon_core.package_identification:_identify(.) by extensions ['ros']
[0.140s] Level 1:colcon.colcon_core.package_identification:_identify(.) by extension 'ros'
[0.150s] Level 1:colcon.colcon_core.package_identification:_identify(.) by extensions ['cmake', 'python']
[0.150s] Level 1:colcon.colcon_core.package_identification:_identify(.) by extension 'cmake'
[0.150s] Level 1:colcon.colcon_core.package_identification:_identify(.) by extension 'python'
[0.150s] Level 1:colcon.colcon_core.package_identification:_identify(.) by extensions ['python_setup_py']
[0.150s] Level 1:colcon.colcon_core.package_identification:_identify(.) by extension 'python_setup_py'
[0.150s] Level 1:colcon.colcon_core.package_identification:_identify(build) by extensions ['ignore', 'ignore_ament_install']
[0.150s] Level 1:colcon.colcon_core.package_identification:_identify(build) by extension 'ignore'
[0.150s] Level 1:colcon.colcon_core.package_identification:_identify(build) ignored
[0.151s] Level 1:colcon.colcon_core.package_identification:_identify(install) by extensions ['ignore', 'ignore_ament_install']
[0.151s] Level 1:colcon.colcon_core.package_identification:_identify(install) by extension 'ignore'
[0.151s] Level 1:colcon.colcon_core.package_identification:_identify(install) ignored
[0.151s] Level 1:colcon.colcon_core.package_identification:_identify(log) by extensions ['ignore', 'ignore_ament_install']
[0.151s] Level 1:colcon.colcon_core.package_identification:_identify(log) by extension 'ignore'
[0.151s] Level 1:colcon.colcon_core.package_identification:_identify(log) ignored
[0.151s] Level 1:colcon.colcon_core.package_identification:_identify(src) by extensions ['ignore', 'ignore_ament_install']
[0.151s] Level 1:colcon.colcon_core.package_identification:_identify(src) by extension 'ignore'
[0.151s] Level 1:colcon.colcon_core.package_identification:_identify(src) by extension 'ignore_ament_install'
[0.151s] Level 1:colcon.colcon_core.package_identification:_identify(src) by extensions ['colcon_pkg']
[0.151s] Level 1:colcon.colcon_core.package_identification:_identify(src) by extension 'colcon_pkg'
[0.151s] Level 1:colcon.colcon_core.package_identification:_identify(src) by extensions ['colcon_meta']
[0.151s] Level 1:colcon.colcon_core.package_identification:_identify(src) by extension 'colcon_meta'
[0.151s] Level 1:colcon.colcon_core.package_identification:_identify(src) by extensions ['ros']
[0.151s] Level 1:colcon.colcon_core.package_identification:_identify(src) by extension 'ros'
[0.151s] Level 1:colcon.colcon_core.package_identification:_identify(src) by extensions ['cmake', 'python']
[0.151s] Level 1:colcon.colcon_core.package_identification:_identify(src) by extension 'cmake'
[0.151s] Level 1:colcon.colcon_core.package_identification:_identify(src) by extension 'python'
[0.152s] Level 1:colcon.colcon_core.package_identification:_identify(src) by extensions ['python_setup_py']
[0.152s] Level 1:colcon.colcon_core.package_identification:_identify(src) by extension 'python_setup_py'
[0.152s] Level 1:colcon.colcon_core.package_identification:_identify(src/build) by extensions ['ignore', 'ignore_ament_install']
[0.152s] Level 1:colcon.colcon_core.package_identification:_identify(src/build) by extension 'ignore'
[0.152s] Level 1:colcon.colcon_core.package_identification:_identify(src/build) ignored
[0.152s] Level 1:colcon.colcon_core.package_identification:_identify(src/controller) by extensions ['ignore', 'ignore_ament_install']
[0.152s] Level 1:colcon.colcon_core.package_identification:_identify(src/controller) by extension 'ignore'
[0.152s] Level 1:colcon.colcon_core.package_identification:_identify(src/controller) by extension 'ignore_ament_install'
[0.152s] Level 1:colcon.colcon_core.package_identification:_identify(src/controller) by extensions ['colcon_pkg']
[0.152s] Level 1:colcon.colcon_core.package_identification:_identify(src/controller) by extension 'colcon_pkg'
[0.152s] Level 1:colcon.colcon_core.package_identification:_identify(src/controller) by extensions ['colcon_meta']
[0.152s] Level 1:colcon.colcon_core.package_identification:_identify(src/controller) by extension 'colcon_meta'
[0.153s] Level 1:colcon.colcon_core.package_identification:_identify(src/controller) by extensions ['ros']
[0.153s] Level 1:colcon.colcon_core.package_identification:_identify(src/controller) by extension 'ros'
[0.156s] DEBUG:colcon.colcon_core.package_identification:Package 'src/controller' with type 'ros.ament_python' and name 'controller'
[0.156s] Level 1:colcon.colcon_core.package_identification:_identify(src/install) by extensions ['ignore', 'ignore_ament_install']
[0.156s] Level 1:colcon.colcon_core.package_identification:_identify(src/install) by extension 'ignore'
[0.156s] Level 1:colcon.colcon_core.package_identification:_identify(src/install) ignored
[0.156s] Level 1:colcon.colcon_core.package_identification:_identify(src/log) by extensions ['ignore', 'ignore_ament_install']
[0.156s] Level 1:colcon.colcon_core.package_identification:_identify(src/log) by extension 'ignore'
[0.156s] Level 1:colcon.colcon_core.package_identification:_identify(src/log) ignored
[0.156s] Level 1:colcon.colcon_core.package_discovery:discover_packages(recursive) using defaults
[0.156s] Level 1:colcon.colcon_core.package_discovery:discover_packages(ignore) discover
[0.156s] Level 1:colcon.colcon_core.package_discovery:discover_packages(ignore) using defaults
[0.156s] Level 1:colcon.colcon_core.package_discovery:discover_packages(path) discover
[0.156s] Level 1:colcon.colcon_core.package_discovery:discover_packages(path) using defaults
[0.172s] Level 5:colcon.colcon_core.verb:set package 'controller' build argument 'cmake_args' from command line to 'None'
[0.172s] Level 5:colcon.colcon_core.verb:set package 'controller' build argument 'cmake_target' from command line to 'None'
[0.172s] Level 5:colcon.colcon_core.verb:set package 'controller' build argument 'cmake_target_skip_unavailable' from command line to 'False'
[0.172s] Level 5:colcon.colcon_core.verb:set package 'controller' build argument 'cmake_clean_cache' from command line to 'False'
[0.172s] Level 5:colcon.colcon_core.verb:set package 'controller' build argument 'cmake_clean_first' from command line to 'False'
[0.172s] Level 5:colcon.colcon_core.verb:set package 'controller' build argument 'cmake_force_configure' from command line to 'False'
[0.172s] Level 5:colcon.colcon_core.verb:set package 'controller' build argument 'ament_cmake_args' from command line to 'None'
[0.172s] Level 5:colcon.colcon_core.verb:set package 'controller' build argument 'catkin_cmake_args' from command line to 'None'
[0.172s] Level 5:colcon.colcon_core.verb:set package 'controller' build argument 'catkin_skip_building_tests' from command line to 'False'
[0.172s] DEBUG:colcon.colcon_core.verb:Building package 'controller' with the following arguments: {'ament_cmake_args': None, 'build_base': '/home/danilo/Documents/Engenharia de Computação/Robótica/Robotica-2020.2/ros_ws/build/controller', 'catkin_cmake_args': None, 'catkin_skip_building_tests': False, 'cmake_args': None, 'cmake_clean_cache': False, 'cmake_clean_first': False, 'cmake_force_configure': False, 'cmake_target': None, 'cmake_target_skip_unavailable': False, 'install_base': '/home/danilo/Documents/Engenharia de Computação/Robótica/Robotica-2020.2/ros_ws/install/controller', 'merge_install': False, 'path': '/home/danilo/Documents/Engenharia de Computação/Robótica/Robotica-2020.2/ros_ws/src/controller', 'symlink_install': False, 'test_result_base': None}
[0.173s] INFO:colcon.colcon_core.executor:Executing jobs using 'parallel' executor
[0.174s] DEBUG:colcon.colcon_parallel_executor.executor.parallel:run_until_complete
[0.174s] INFO:colcon.colcon_ros.task.ament_python.build:Building ROS package in '/home/danilo/Documents/Engenharia de Computação/Robótica/Robotica-2020.2/ros_ws/src/controller' with build type 'ament_python'
[0.174s] Level 1:colcon.colcon_core.shell:create_environment_hook('controller', 'ament_prefix_path')
[0.178s] INFO:colcon.colcon_core.plugin_system:Skipping extension 'colcon_core.shell.bat': Not used on non-Windows systems
[0.178s] INFO:colcon.colcon_core.shell:Creating environment hook '/home/danilo/Documents/Engenharia de Computação/Robótica/Robotica-2020.2/ros_ws/install/controller/share/controller/hook/ament_prefix_path.ps1'
[0.178s] INFO:colcon.colcon_core.shell:Creating environment descriptor '/home/danilo/Documents/Engenharia de Computação/Robótica/Robotica-2020.2/ros_ws/install/controller/share/controller/hook/ament_prefix_path.dsv'
[0.179s] INFO:colcon.colcon_core.shell:Creating environment hook '/home/danilo/Documents/Engenharia de Computação/Robótica/Robotica-2020.2/ros_ws/install/controller/share/controller/hook/ament_prefix_path.sh'
[0.180s] INFO:colcon.colcon_core.shell:Skip shell extension 'powershell' for command environment: Not usable outside of PowerShell
[0.180s] DEBUG:colcon.colcon_core.shell:Skip shell extension 'dsv' for command environment
[0.181s] DEBUG:colcon.colcon_core.shell:Ignoring prefix path '/opt/ros/dashing'
[0.384s] INFO:colcon.colcon_core.task.python.build:Building Python package in '/home/danilo/Documents/Engenharia de Computação/Robótica/Robotica-2020.2/ros_ws/src/controller'
[0.385s] INFO:colcon.colcon_core.shell:Skip shell extension 'powershell' for command environment: Not usable outside of PowerShell
[0.385s] DEBUG:colcon.colcon_core.shell:Skip shell extension 'dsv' for command environment
[0.386s] DEBUG:colcon.colcon_core.shell:Ignoring prefix path '/opt/ros/dashing'
[0.393s] DEBUG:colcon.colcon_core.event_handler.log_command:Invoking command in '/home/danilo/Documents/Engenharia de Computação/Robótica/Robotica-2020.2/ros_ws/src/controller': PYTHONPATH=/home/danilo/Documents/Engenharia de Computação/Robótica/Robotica-2020.2/ros_ws/install/controller/lib/python3.6/site-packages:${PYTHONPATH} /usr/bin/python3 setup.py egg_info --egg-base ../../build/controller build --build-base /home/danilo/Documents/Engenharia de Computação/Robótica/Robotica-2020.2/ros_ws/build/controller/build install --prefix /home/danilo/Documents/Engenharia de Computação/Robótica/Robotica-2020.2/ros_ws/install/controller --record /home/danilo/Documents/Engenharia de Computação/Robótica/Robotica-2020.2/ros_ws/build/controller/install.log --single-version-externally-managed
[0.645s] DEBUG:colcon.colcon_core.event_handler.log_command:Invoked command in '/home/danilo/Documents/Engenharia de Computação/Robótica/Robotica-2020.2/ros_ws/src/controller' returned '0': PYTHONPATH=/home/danilo/Documents/Engenharia de Computação/Robótica/Robotica-2020.2/ros_ws/install/controller/lib/python3.6/site-packages:${PYTHONPATH} /usr/bin/python3 setup.py egg_info --egg-base ../../build/controller build --build-base /home/danilo/Documents/Engenharia de Computação/Robótica/Robotica-2020.2/ros_ws/build/controller/build install --prefix /home/danilo/Documents/Engenharia de Computação/Robótica/Robotica-2020.2/ros_ws/install/controller --record /home/danilo/Documents/Engenharia de Computação/Robótica/Robotica-2020.2/ros_ws/build/controller/install.log --single-version-externally-managed
[0.648s] Level 1:colcon.colcon_core.environment:checking '/home/danilo/Documents/Engenharia de Computação/Robótica/Robotica-2020.2/ros_ws/install/controller' for CMake module files
[0.649s] Level 1:colcon.colcon_core.environment:checking '/home/danilo/Documents/Engenharia de Computação/Robótica/Robotica-2020.2/ros_ws/install/controller' for CMake config files
[0.650s] Level 1:colcon.colcon_core.environment:checking '/home/danilo/Documents/Engenharia de Computação/Robótica/Robotica-2020.2/ros_ws/install/controller/lib'
[0.650s] Level 1:colcon.colcon_core.environment:checking '/home/danilo/Documents/Engenharia de Computação/Robótica/Robotica-2020.2/ros_ws/install/controller/bin'
[0.650s] Level 1:colcon.colcon_core.environment:checking '/home/danilo/Documents/Engenharia de Computação/Robótica/Robotica-2020.2/ros_ws/install/controller/lib/pkgconfig/controller.pc'
[0.650s] Level 1:colcon.colcon_core.environment:checking '/home/danilo/Documents/Engenharia de Computação/Robótica/Robotica-2020.2/ros_ws/install/controller/lib/python3.6/site-packages'
[0.650s] Level 1:colcon.colcon_core.shell:create_environment_hook('controller', 'pythonpath')
[0.651s] INFO:colcon.colcon_core.shell:Creating environment hook '/home/danilo/Documents/Engenharia de Computação/Robótica/Robotica-2020.2/ros_ws/install/controller/share/controller/hook/pythonpath.ps1'
[0.652s] INFO:colcon.colcon_core.shell:Creating environment descriptor '/home/danilo/Documents/Engenharia de Computação/Robótica/Robotica-2020.2/ros_ws/install/controller/share/controller/hook/pythonpath.dsv'
[0.652s] INFO:colcon.colcon_core.shell:Creating environment hook '/home/danilo/Documents/Engenharia de Computação/Robótica/Robotica-2020.2/ros_ws/install/controller/share/controller/hook/pythonpath.sh'
[0.652s] Level 1:colcon.colcon_core.environment:create_environment_scripts_only(controller)
[0.653s] INFO:colcon.colcon_core.shell:Creating package script '/home/danilo/Documents/Engenharia de Computação/Robótica/Robotica-2020.2/ros_ws/install/controller/share/controller/package.ps1'
[0.655s] INFO:colcon.colcon_core.shell:Creating package descriptor '/home/danilo/Documents/Engenharia de Computação/Robótica/Robotica-2020.2/ros_ws/install/controller/share/controller/package.dsv'
[0.655s] INFO:colcon.colcon_core.shell:Creating package script '/home/danilo/Documents/Engenharia de Computação/Robótica/Robotica-2020.2/ros_ws/install/controller/share/controller/package.sh'
[0.656s] INFO:colcon.colcon_core.shell:Creating package script '/home/danilo/Documents/Engenharia de Computação/Robótica/Robotica-2020.2/ros_ws/install/controller/share/controller/package.bash'
[0.657s] INFO:colcon.colcon_core.shell:Creating package script '/home/danilo/Documents/Engenharia de Computação/Robótica/Robotica-2020.2/ros_ws/install/controller/share/controller/package.zsh'
[0.657s] Level 1:colcon.colcon_core.environment:create_file_with_runtime_dependencies(/home/danilo/Documents/Engenharia de Computação/Robótica/Robotica-2020.2/ros_ws/install/controller/share/colcon-core/packages/controller)
[0.658s] DEBUG:colcon.colcon_parallel_executor.executor.parallel:closing loop
[0.658s] DEBUG:colcon.colcon_parallel_executor.executor.parallel:loop closed
[0.658s] DEBUG:colcon.colcon_parallel_executor.executor.parallel:run_until_complete finished with '0'
[0.658s] DEBUG:colcon.colcon_core.event_reactor:joining thread
[0.672s] INFO:colcon.colcon_core.plugin_system:Skipping extension 'colcon_notification.desktop_notification.terminal_notifier': Not used on non-Darwin systems
[0.673s] INFO:colcon.colcon_core.plugin_system:Skipping extension 'colcon_notification.desktop_notification.win32': Not used on non-Windows systems
[0.673s] INFO:colcon.colcon_notification.desktop_notification:Sending desktop notification using 'notify2'
[0.675s] DEBUG:colcon.colcon_core.event_reactor:joined thread
[0.676s] INFO:colcon.colcon_core.shell:Creating prefix script '/home/danilo/Documents/Engenharia de Computação/Robótica/Robotica-2020.2/ros_ws/install/local_setup.ps1'
[0.677s] INFO:colcon.colcon_core.shell:Creating prefix util module '/home/danilo/Documents/Engenharia de Computação/Robótica/Robotica-2020.2/ros_ws/install/_local_setup_util_ps1.py'
[0.678s] INFO:colcon.colcon_core.shell:Creating prefix chain script '/home/danilo/Documents/Engenharia de Computação/Robótica/Robotica-2020.2/ros_ws/install/setup.ps1'
[0.681s] INFO:colcon.colcon_core.shell:Creating prefix script '/home/danilo/Documents/Engenharia de Computação/Robótica/Robotica-2020.2/ros_ws/install/local_setup.sh'
[0.681s] INFO:colcon.colcon_core.shell:Creating prefix util module '/home/danilo/Documents/Engenharia de Computação/Robótica/Robotica-2020.2/ros_ws/install/_local_setup_util_sh.py'
[0.682s] INFO:colcon.colcon_core.shell:Creating prefix chain script '/home/danilo/Documents/Engenharia de Computação/Robótica/Robotica-2020.2/ros_ws/install/setup.sh'
[0.684s] INFO:colcon.colcon_core.shell:Creating prefix script '/home/danilo/Documents/Engenharia de Computação/Robótica/Robotica-2020.2/ros_ws/install/local_setup.bash'
[0.684s] INFO:colcon.colcon_core.shell:Creating prefix chain script '/home/danilo/Documents/Engenharia de Computação/Robótica/Robotica-2020.2/ros_ws/install/setup.bash'
[0.686s] INFO:colcon.colcon_core.shell:Creating prefix script '/home/danilo/Documents/Engenharia de Computação/Robótica/Robotica-2020.2/ros_ws/install/local_setup.zsh'
[0.687s] INFO:colcon.colcon_core.shell:Creating prefix chain script '/home/danilo/Documents/Engenharia de Computação/Robótica/Robotica-2020.2/ros_ws/install/setup.zsh'
