[0.218s] Invoking command in '/home/danilo/Documents/Engenharia de Computação/Robótica/Robotica-2020.2/ros_ws/src/controller': PYTHONPATH=/home/danilo/Documents/Engenharia de Computação/Robótica/Robotica-2020.2/ros_ws/src/install/controller/lib/python3.6/site-packages:${PYTHONPATH} /usr/bin/python3 setup.py egg_info --egg-base ../build/controller build --build-base /home/danilo/Documents/Engenharia de Computação/Robótica/Robotica-2020.2/ros_ws/src/build/controller/build install --prefix /home/danilo/Documents/Engenharia de Computação/Robótica/Robotica-2020.2/ros_ws/src/install/controller --record /home/danilo/Documents/Engenharia de Computação/Robótica/Robotica-2020.2/ros_ws/src/build/controller/install.log --single-version-externally-managed
[0.416s] running egg_info
[0.417s] creating ../build/controller/controller.egg-info
[0.417s] writing ../build/controller/controller.egg-info/PKG-INFO
[0.418s] writing dependency_links to ../build/controller/controller.egg-info/dependency_links.txt
[0.418s] writing entry points to ../build/controller/controller.egg-info/entry_points.txt
[0.418s] writing requirements to ../build/controller/controller.egg-info/requires.txt
[0.418s] writing top-level names to ../build/controller/controller.egg-info/top_level.txt
[0.418s] writing manifest file '../build/controller/controller.egg-info/SOURCES.txt'
[0.457s] reading manifest file '../build/controller/controller.egg-info/SOURCES.txt'
[0.457s] writing manifest file '../build/controller/controller.egg-info/SOURCES.txt'
[0.458s] running build
[0.458s] running build_py
[0.458s] creating /home/danilo/Documents/Engenharia de Computação/Robótica/Robotica-2020.2/ros_ws/src/build/controller/build
[0.458s] creating /home/danilo/Documents/Engenharia de Computação/Robótica/Robotica-2020.2/ros_ws/src/build/controller/build/lib
[0.458s] creating /home/danilo/Documents/Engenharia de Computação/Robótica/Robotica-2020.2/ros_ws/src/build/controller/build/lib/controller
[0.458s] copying controller/__init__.py -> /home/danilo/Documents/Engenharia de Computação/Robótica/Robotica-2020.2/ros_ws/src/build/controller/build/lib/controller
[0.458s] running install
[0.458s] running install_lib
[0.459s] creating /home/danilo/Documents/Engenharia de Computação/Robótica/Robotica-2020.2/ros_ws/src/install/controller/lib/python3.6/site-packages/controller
[0.459s] copying /home/danilo/Documents/Engenharia de Computação/Robótica/Robotica-2020.2/ros_ws/src/build/controller/build/lib/controller/__init__.py -> /home/danilo/Documents/Engenharia de Computação/Robótica/Robotica-2020.2/ros_ws/src/install/controller/lib/python3.6/site-packages/controller
[0.459s] byte-compiling /home/danilo/Documents/Engenharia de Computação/Robótica/Robotica-2020.2/ros_ws/src/install/controller/lib/python3.6/site-packages/controller/__init__.py to __init__.cpython-36.pyc
[0.459s] running install_data
[0.460s] creating /home/danilo/Documents/Engenharia de Computação/Robótica/Robotica-2020.2/ros_ws/src/install/controller/share/ament_index
[0.460s] creating /home/danilo/Documents/Engenharia de Computação/Robótica/Robotica-2020.2/ros_ws/src/install/controller/share/ament_index/resource_index
[0.460s] creating /home/danilo/Documents/Engenharia de Computação/Robótica/Robotica-2020.2/ros_ws/src/install/controller/share/ament_index/resource_index/packages
[0.460s] copying resource/controller -> /home/danilo/Documents/Engenharia de Computação/Robótica/Robotica-2020.2/ros_ws/src/install/controller/share/ament_index/resource_index/packages
[0.460s] copying package.xml -> /home/danilo/Documents/Engenharia de Computação/Robótica/Robotica-2020.2/ros_ws/src/install/controller/share/controller
[0.460s] running install_egg_info
[0.462s] Copying ../build/controller/controller.egg-info to /home/danilo/Documents/Engenharia de Computação/Robótica/Robotica-2020.2/ros_ws/src/install/controller/lib/python3.6/site-packages/controller-0.0.0-py3.6.egg-info
[0.462s] running install_scripts
[0.479s] writing list of installed files to '/home/danilo/Documents/Engenharia de Computação/Robótica/Robotica-2020.2/ros_ws/src/build/controller/install.log'
[0.494s] Invoked command in '/home/danilo/Documents/Engenharia de Computação/Robótica/Robotica-2020.2/ros_ws/src/controller' returned '0': PYTHONPATH=/home/danilo/Documents/Engenharia de Computação/Robótica/Robotica-2020.2/ros_ws/src/install/controller/lib/python3.6/site-packages:${PYTHONPATH} /usr/bin/python3 setup.py egg_info --egg-base ../build/controller build --build-base /home/danilo/Documents/Engenharia de Computação/Robótica/Robotica-2020.2/ros_ws/src/build/controller/build install --prefix /home/danilo/Documents/Engenharia de Computação/Robótica/Robotica-2020.2/ros_ws/src/install/controller --record /home/danilo/Documents/Engenharia de Computação/Robótica/Robotica-2020.2/ros_ws/src/build/controller/install.log --single-version-externally-managed
